This is pdfeTeXk, Version 3.141592-1.21a-2.2 (Web2C 7.5.4) (format=pdflatex 2007.2.26)  14 MAY 2007 22:09
entering extended mode
 file:line:error style messages enabled.
 %&-line parsing enabled.
**\nonstopmode \input /home/edd/dieharder/RDieHarder/inst/doc/RDieHarder.tex
(/home/edd/dieharder/RDieHarder/inst/doc/RDieHarder.tex
(/usr/share/texmf-tetex/tex/latex/base/article.cls
Document Class: article 2004/02/16 v1.4f Standard LaTeX document class
(/usr/share/texmf-tetex/tex/latex/base/size12.clo
File: size12.clo 2004/02/16 v1.4f Standard LaTeX file (size option)
)
\c@part=\count79
\c@section=\count80
\c@subsection=\count81
\c@subsubsection=\count82
\c@paragraph=\count83
\c@subparagraph=\count84
\c@figure=\count85
\c@table=\count86
\abovecaptionskip=\skip41
\belowcaptionskip=\skip42
\bibindent=\dimen102
)
(/usr/local/share/texmf/tex/latex/misc/vmargin.sty
Style `Vmargin', V2.1, 20 Sep 1994
\PaperWidth=\dimen103
\PaperHeight=\dimen104
) (/usr/share/texmf-tetex/tex/latex/url/url.sty
\Urlmuskip=\muskip10
Package: url 2004/03/15  ver 3.1  Verb mode for urls, etc.
)
(/usr/share/texmf-tetex/tex/latex/hyperref/hyperref.sty
Package: hyperref 2003/11/30 v6.74m Hypertext links for LaTeX

(/usr/share/texmf-tetex/tex/latex/graphics/keyval.sty
Package: keyval 1999/03/16 v1.13 key=value parser (DPC)
\KV@toks@=\toks14
)
\@linkdim=\dimen105
\Hy@linkcounter=\count87
\Hy@pagecounter=\count88

(/usr/share/texmf-tetex/tex/latex/hyperref/pd1enc.def
File: pd1enc.def 2003/11/30 v6.74m Hyperref: PDFDocEncoding definition (HO)
)
(/usr/share/texmf-tetex/tex/latex/hyperref/hyperref.cfg
File: hyperref.cfg 2002/06/06 v1.2 hyperref configuration of TeXLive and teTeX
)
Package hyperref Info: Hyper figures OFF on input line 1880.
Package hyperref Info: Link nesting OFF on input line 1885.
Package hyperref Info: Hyper index ON on input line 1888.
Package hyperref Info: Plain pages ON on input line 1893.
Package hyperref Info: Backreferencing OFF on input line 1900.

Implicit mode ON; LaTeX internals redefined
Package hyperref Info: Bookmarks ON on input line 2004.
LaTeX Info: Redefining \url on input line 2143.
\Fld@menulength=\count89
\Field@Width=\dimen106
\Fld@charsize=\dimen107
\Choice@toks=\toks15
\Field@toks=\toks16
Package hyperref Info: Hyper figures OFF on input line 2618.
Package hyperref Info: Link nesting OFF on input line 2623.
Package hyperref Info: Hyper index ON on input line 2626.
Package hyperref Info: backreferencing OFF on input line 2633.
Package hyperref Info: Link coloring OFF on input line 2638.
\c@Item=\count90
\c@Hfootnote=\count91
)
*hyperref using default driver hpdftex*
(/usr/share/texmf-tetex/tex/latex/hyperref/hpdftex.def
File: hpdftex.def 2003/11/30 v6.74m Hyperref driver for pdfTeX

(/usr/share/texmf-tetex/tex/latex/psnfss/pifont.sty
Package: pifont 2004/09/15 PSNFSS-v9.2 Pi font support (SPQR) 
LaTeX Font Info:    Try loading font information for U+pzd on input line 63.

(/usr/share/texmf-tetex/tex/latex/psnfss/upzd.fd
File: upzd.fd 2001/06/04 font definitions for U/pzd.
)
LaTeX Font Info:    Try loading font information for U+psy on input line 64.

(/usr/share/texmf-tetex/tex/latex/psnfss/upsy.fd
File: upsy.fd 2001/06/04 font definitions for U/psy.
))
\Fld@listcount=\count92
\@outlinefile=\write3
)
(/usr/local/share/texmf/tex/latex/misc/booktabs.sty
Package: booktabs 1995/11/06 v1.00 publication quality tables
\heavyrulewidth=\dimen108
\lightrulewidth=\dimen109
\cmidrulewidth=\dimen110
\belowrulesep=\dimen111
\aboverulesep=\dimen112
\cmidrulesep=\dimen113
\cmidrulekern=\dimen114
\defaultaddspace=\dimen115
\rulesflag=\count93
\@cmidrulewidth=\dimen116
\@cmidla=\count94
\@cmidlb=\count95
)
(/usr/share/texmf-tetex/tex/latex/graphics/graphicx.sty
Package: graphicx 1999/02/16 v1.0f Enhanced LaTeX Graphics (DPC,SPQR)

(/usr/share/texmf-tetex/tex/latex/graphics/graphics.sty
Package: graphics 2001/07/07 v1.0n Standard LaTeX Graphics (DPC,SPQR)

(/usr/share/texmf-tetex/tex/latex/graphics/trig.sty
Package: trig 1999/03/16 v1.09 sin cos tan (DPC)
)
(/usr/share/texmf-tetex/tex/latex/graphics/graphics.cfg
File: graphics.cfg 2005/02/03 v1.3 graphics configuration of teTeX/TeXLive
)
Package graphics Info: Driver file: pdftex.def on input line 80.

(/usr/share/texmf-tetex/tex/latex/graphics/pdftex.def
File: pdftex.def 2002/06/19 v0.03k graphics/color for pdftex
\Gread@gobject=\count96
))
\Gin@req@height=\dimen117
\Gin@req@width=\dimen118
)
(/usr/local/share/texmf/tex/latex/misc/rotating.sty
Package: rotating 1995/04/07 2.9 Rotation package

(/usr/share/texmf-tetex/tex/latex/base/ifthen.sty
Package: ifthen 2001/05/26 v1.1c Standard LaTeX ifthen package (DPC)
)
\r@tfl@t=\count97
\rot@float@box=\box26
)
(/usr/share/texmf-tetex/tex/latex/natbib/natbib.sty
Package: natbib 2003/06/06 7.1 (PWD)
\bibhang=\skip43
\bibsep=\skip44
LaTeX Info: Redefining \cite on input line 518.
\c@NAT@ctr=\count98
)

Package hyperref Warning: Option `hyperindex' has already been used,
(hyperref)                setting the option has no effect on input line 19.

Package hyperref Info: Option `colorlinks' set `true' on input line 19.
Package hyperref Info: Option `linktocpage' set `true' on input line 19.
Package hyperref Info: Option `plainpages' set `false' on input line 19.
(/usr/share/texmf-tetex/tex/latex/graphics/color.sty
Package: color 1999/02/16 v1.0i Standard LaTeX Color (DPC)

(/usr/share/texmf-tetex/tex/latex/graphics/color.cfg
File: color.cfg 2005/02/03 v1.3 color configuration of teTeX/TeXLive
)
Package color Info: Driver file: pdftex.def on input line 125.
)
(/usr/share/R/share/texmf/Sweave.sty

LaTeX Warning: You have requested package `/usr/share/R/share/texmf/Sweave',
               but the package provides `Sweave'.

Package: Sweave 
(/usr/share/texmf-tetex/tex/latex/fancyvrb/fancyvrb.sty
Package: fancyvrb 1998/07/17

Style option: `fancyvrb' v2.6, with DG/SPQR fixes <1998/07/17> (tvz)
\FV@CodeLineNo=\count99
\FV@InFile=\read1
\FV@TabBox=\box27
\c@FancyVerbLine=\count100
\FV@StepNumber=\count101
\FV@OutFile=\write4

No file fancyvrb.cfg.
) (/usr/share/R/share/texmf/upquote.sty
Package: upquote 2003/08/11 v1.1 Covington's upright-quote modification to verb
atim and verb

(/usr/share/texmf-tetex/tex/latex/base/textcomp.sty
Package: textcomp 2004/02/22 v1.99f Standard LaTeX package
Package textcomp Info: Sub-encoding information:
(textcomp)               5 = only ISO-Adobe without \textcurrency
(textcomp)               4 = 5 + \texteuro
(textcomp)               3 = 4 + \textohm
(textcomp)               2 = 3 + \textestimated + \textcurrency
(textcomp)               1 = TS1 - \textcircled - \t
(textcomp)               0 = TS1 (full)
(textcomp)             Font families with sub-encoding setting implement
(textcomp)             only a restricted character set as indicated.
(textcomp)             Family '?' is the default used for unknown fonts.
(textcomp)             See the documentation for details.
Package textcomp Info: Setting ? sub-encoding to TS1/1 on input line 71.

(/usr/share/texmf-tetex/tex/latex/base/ts1enc.def
File: ts1enc.def 2001/06/05 v3.0e (jk/car/fm) Standard LaTeX file
)
LaTeX Info: Redefining \oldstylenums on input line 266.
Package textcomp Info: Setting cmr sub-encoding to TS1/0 on input line 281.
Package textcomp Info: Setting cmss sub-encoding to TS1/0 on input line 282.
Package textcomp Info: Setting cmtt sub-encoding to TS1/0 on input line 283.
Package textcomp Info: Setting cmvtt sub-encoding to TS1/0 on input line 284.
Package textcomp Info: Setting cmbr sub-encoding to TS1/0 on input line 285.
Package textcomp Info: Setting cmtl sub-encoding to TS1/0 on input line 286.
Package textcomp Info: Setting ccr sub-encoding to TS1/0 on input line 287.
Package textcomp Info: Setting ptm sub-encoding to TS1/4 on input line 288.
Package textcomp Info: Setting pcr sub-encoding to TS1/4 on input line 289.
Package textcomp Info: Setting phv sub-encoding to TS1/4 on input line 290.
Package textcomp Info: Setting ppl sub-encoding to TS1/3 on input line 291.
Package textcomp Info: Setting pag sub-encoding to TS1/4 on input line 292.
Package textcomp Info: Setting pbk sub-encoding to TS1/4 on input line 293.
Package textcomp Info: Setting pnc sub-encoding to TS1/4 on input line 294.
Package textcomp Info: Setting pzc sub-encoding to TS1/4 on input line 295.
Package textcomp Info: Setting bch sub-encoding to TS1/4 on input line 296.
Package textcomp Info: Setting put sub-encoding to TS1/5 on input line 297.
Package textcomp Info: Setting uag sub-encoding to TS1/5 on input line 298.
Package textcomp Info: Setting ugq sub-encoding to TS1/5 on input line 299.
Package textcomp Info: Setting ul8 sub-encoding to TS1/4 on input line 300.
Package textcomp Info: Setting ul9 sub-encoding to TS1/4 on input line 301.
Package textcomp Info: Setting augie sub-encoding to TS1/5 on input line 302.
Package textcomp Info: Setting dayrom sub-encoding to TS1/3 on input line 303.
Package textcomp Info: Setting dayroms sub-encoding to TS1/3 on input line 304.

Package textcomp Info: Setting pxr sub-encoding to TS1/0 on input line 305.
Package textcomp Info: Setting pxss sub-encoding to TS1/0 on input line 306.
Package textcomp Info: Setting pxtt sub-encoding to TS1/0 on input line 307.
Package textcomp Info: Setting txr sub-encoding to TS1/0 on input line 308.
Package textcomp Info: Setting txss sub-encoding to TS1/0 on input line 309.
Package textcomp Info: Setting txtt sub-encoding to TS1/0 on input line 310.
Package textcomp Info: Setting futs sub-encoding to TS1/4 on input line 311.
Package textcomp Info: Setting futx sub-encoding to TS1/4 on input line 312.
Package textcomp Info: Setting futj sub-encoding to TS1/4 on input line 313.
Package textcomp Info: Setting hlh sub-encoding to TS1/3 on input line 314.
Package textcomp Info: Setting hls sub-encoding to TS1/3 on input line 315.
Package textcomp Info: Setting hlst sub-encoding to TS1/3 on input line 316.
Package textcomp Info: Setting hlct sub-encoding to TS1/5 on input line 317.
Package textcomp Info: Setting hlx sub-encoding to TS1/5 on input line 318.
Package textcomp Info: Setting hlce sub-encoding to TS1/5 on input line 319.
Package textcomp Info: Setting hlcn sub-encoding to TS1/5 on input line 320.
Package textcomp Info: Setting hlcw sub-encoding to TS1/5 on input line 321.
Package textcomp Info: Setting hlcf sub-encoding to TS1/5 on input line 322.
Package textcomp Info: Setting pplx sub-encoding to TS1/3 on input line 323.
Package textcomp Info: Setting pplj sub-encoding to TS1/3 on input line 324.
Package textcomp Info: Setting ptmx sub-encoding to TS1/4 on input line 325.
Package textcomp Info: Setting ptmj sub-encoding to TS1/4 on input line 326.
))
(/usr/share/texmf-tetex/tex/latex/base/fontenc.sty
Package: fontenc 2004/02/22 v1.99f Standard LaTeX package

(/usr/share/texmf-tetex/tex/latex/base/t1enc.def
File: t1enc.def 2004/02/22 v1.99f Standard LaTeX file
LaTeX Font Info:    Redeclaring font encoding T1 on input line 43.
))
(/usr/share/texmf-tetex/tex/latex/ae/ae.sty
Package: ae 2001/02/12 1.3 Almost European Computer Modern

(/usr/share/texmf-tetex/tex/latex/base/fontenc.sty
Package: fontenc 2004/02/22 v1.99f Standard LaTeX package

(/usr/share/texmf-tetex/tex/latex/base/t1enc.def
File: t1enc.def 2004/02/22 v1.99f Standard LaTeX file
LaTeX Font Info:    Redeclaring font encoding T1 on input line 43.
)
LaTeX Font Info:    Try loading font information for T1+aer on input line 100.

(/usr/share/texmf-tetex/tex/latex/ae/t1aer.fd
File: t1aer.fd 1997/11/16 Font definitions for T1/aer.
)))) (./RDieHarder.aux)
\openout1 = `RDieHarder.aux'.

LaTeX Font Info:    Checking defaults for OML/cmm/m/it on input line 37.
LaTeX Font Info:    ... okay on input line 37.
LaTeX Font Info:    Checking defaults for T1/cmr/m/n on input line 37.
LaTeX Font Info:    ... okay on input line 37.
LaTeX Font Info:    Checking defaults for OT1/cmr/m/n on input line 37.
LaTeX Font Info:    ... okay on input line 37.
LaTeX Font Info:    Checking defaults for OMS/cmsy/m/n on input line 37.
LaTeX Font Info:    ... okay on input line 37.
LaTeX Font Info:    Checking defaults for OMX/cmex/m/n on input line 37.
LaTeX Font Info:    ... okay on input line 37.
LaTeX Font Info:    Checking defaults for U/cmr/m/n on input line 37.
LaTeX Font Info:    ... okay on input line 37.
LaTeX Font Info:    Checking defaults for PD1/pdf/m/n on input line 37.
LaTeX Font Info:    ... okay on input line 37.
LaTeX Font Info:    Checking defaults for TS1/cmr/m/n on input line 37.
LaTeX Font Info:    Try loading font information for TS1+cmr on input line 37.

(/usr/share/texmf-tetex/tex/latex/base/ts1cmr.fd
File: ts1cmr.fd 1999/05/25 v2.5h Standard LaTeX font definitions
)
LaTeX Font Info:    ... okay on input line 37.
Package hyperref Info: Link coloring ON on input line 37.

(/usr/share/texmf-tetex/tex/latex/hyperref/nameref.sty
Package: nameref 2003/12/03 v2.21 Cross-referencing by name of section
\c@section@level=\count102
)
LaTeX Info: Redefining \ref on input line 37.
LaTeX Info: Redefining \pageref on input line 37.
 (./RDieHarder.out)
(./RDieHarder.out)
\openout3 = `RDieHarder.out'.

 (/usr/share/texmf-tetex/tex/context/base/supp-pdf.tex
(/usr/share/texmf-tetex/tex/context/base/supp-mis.tex
loading : Context Support Macros / Miscellaneous (2004.10.26)
\protectiondepth=\count103
\scratchcounter=\count104
\scratchtoks=\toks17
\scratchdimen=\dimen119
\scratchskip=\skip45
\scratchmuskip=\muskip11
\scratchbox=\box28
\scratchread=\read2
\scratchwrite=\write5
\zeropoint=\dimen120
\onepoint=\dimen121
\onebasepoint=\dimen122
\minusone=\count105
\thousandpoint=\dimen123
\onerealpoint=\dimen124
\emptytoks=\toks18
\nextbox=\box29
\nextdepth=\dimen125
\everyline=\toks19
\!!counta=\count106
\!!countb=\count107
\recursecounter=\count108
)
loading : Context Support Macros / PDF (2004.03.26)
\nofMPsegments=\count109
\nofMParguments=\count110
\MPscratchCnt=\count111
\MPscratchDim=\dimen126
\MPnumerator=\count112
\everyMPtoPDFconversion=\toks20
)
LaTeX Font Info:    External font `cmex10' loaded for size
(Font)              <14.4> on input line 58.
LaTeX Font Info:    External font `cmex10' loaded for size
(Font)              <7> on input line 58.
LaTeX Font Info:    Try loading font information for T1+aett on input line 58.
 (/usr/share/texmf-tetex/tex/latex/ae/t1aett.fd
File: t1aett.fd 1997/11/16 Font definitions for T1/aett.
) [1

{/var/lib/texmf/fonts/map/pdftex/updmap/pdftex.map}]
Underfull \hbox (badness 10000) in paragraph at lines 138--138
[]\T1/aer/m/n/12 TODO:
 []


Underfull \hbox (badness 10000) in paragraph at lines 144--144
[]\T1/aer/m/n/12 TODO:
 []

[2]
LaTeX Font Info:    External font `cmex10' loaded for size
(Font)              <12> on input line 152.
LaTeX Font Info:    External font `cmex10' loaded for size
(Font)              <8> on input line 152.
LaTeX Font Info:    External font `cmex10' loaded for size
(Font)              <6> on input line 152.
LaTeX Font Info:    External font `cmex10' loaded for size
(Font)              <5> on input line 165.

Underfull \hbox (badness 10000) in paragraph at lines 165--165
[][][]\T1/aer/m/n/10 Running \T1/aett/m/n/10 print(quantile(pnorm( repli-cate(M
, (sum(runif(N)) - N/2) / sqrt(N/12)) ),
 []


Overfull \hbox (10.94751pt too wide) in paragraph at lines 173--173
[]\T1/aer/m/n/12 Reference? 
 []


Overfull \hbox (25.06548pt too wide) in paragraph at lines 198--199
[]\T1/aett/m/n/10.95 borosh13 cov-eyou cmrg fish-man18 fish-man20 fish-man2x gf
sr4 knuthran knuthran2
 []


Overfull \hbox (2.11436pt too wide) in paragraph at lines 198--199
\T1/aett/m/n/10.95 knuthran2002 lecuyer21 min-std mrg mt19937 mt19937_1999 mt19
937_1998 r250
 []


Overfull \hbox (36.54103pt too wide) in paragraph at lines 198--199
\T1/aett/m/n/10.95 ran0 ran1 ran2 ran3 rand rand48 ran-dom128_bsd ran-dom128_gl
ibc2 ran-dom128_libc5
 []


Overfull \hbox (19.3277pt too wide) in paragraph at lines 198--199
\T1/aett/m/n/10.95 ran-dom256_bsd ran-dom256_glibc2 ran-dom256_libc5 ran-dom32_
bsd ran-dom32_glibc2
 []


Overfull \hbox (19.3277pt too wide) in paragraph at lines 198--199
\T1/aett/m/n/10.95 ran-dom32_libc5 ran-dom64_bsd ran-dom64_glibc2 ran-dom64_lib
c5 ran-dom8_bsd ran-
 []


Overfull \hbox (13.58992pt too wide) in paragraph at lines 198--199
\T1/aett/m/n/10.95 dom8_glibc2 ran-dom8_libc5 ran-dom_bsd ran-dom_glibc2 ran-do
m_libc5 randu ranf
 []


Overfull \hbox (19.3277pt too wide) in paragraph at lines 198--199
\T1/aett/m/n/10.95 ran-lux ran-lux389 ran-lxd1 ran-lxd2 ran-lxs0 ran-lxs1 ran-l
xs2 ran-mar slatec taus
 []

[3]
Underfull \hbox (badness 10000) in paragraph at lines 220--220
[]\T1/aer/m/n/12 TODO:
 []


Underfull \hbox (badness 10000) in paragraph at lines 220--220
\T1/aer/m/n/12 use R
 []


Underfull \hbox (badness 10000) in paragraph at lines 220--220
\T1/aer/m/n/12 sources
 []


Underfull \hbox (badness 5970) in paragraph at lines 220--220
\T1/aer/m/n/12 from R
 []

[4]
LaTeX Font Info:    Try loading font information for TS1+aett on input line 282
.
 (/usr/share/R/share/texmf/ts1aett.fd
File: ts1aett.fd 
)
LaTeX Font Info:    Try loading font information for TS1+cmtt on input line 282
.

(/usr/share/texmf-tetex/tex/latex/base/ts1cmtt.fd
File: ts1cmtt.fd 1999/05/25 v2.5h Standard LaTeX font definitions
)
LaTeX Font Info:    Font shape `TS1/aett/m/n' in size <10> not available
(Font)              Font shape `TS1/cmtt/m/n' tried instead on input line 282.

<RDieHarder-rd-example.pdf, id=155, 433.62pt x 433.62pt>
File: RDieHarder-rd-example.pdf Graphic file (type pdf)

<use RDieHarder-rd-example.pdf> [5 <./RDieHarder-rd-example.pdf>]
<RDieHarder-r-rngs.pdf, id=170, 433.62pt x 433.62pt>
File: RDieHarder-r-rngs.pdf Graphic file (type pdf)

<use RDieHarder-r-rngs.pdf> [6 <./RDieHarder-r-rngs.pdf>] (./RDieHarder.bbl
LaTeX Font Info:    Try loading font information for T1+aess on input line 12.

(/usr/share/texmf-tetex/tex/latex/ae/t1aess.fd
File: t1aess.fd 1997/11/16 Font definitions for T1/aess.
) [7]) [8] (./RDieHarder.aux) ) 
Here is how much of TeX's memory you used:
 4321 strings out of 94500
 58833 string characters out of 1175771
 104626 words of memory out of 1000000
 7324 multiletter control sequences out of 10000+50000
 53909 words of font info for 109 fonts, out of 1200000 for 2000
 580 hyphenation exceptions out of 8191
 35i,8n,36p,286b,366s stack positions out of 5000i,500n,6000p,200000b,5000s
PDF statistics:
 212 PDF objects out of 65536
 31 named destinations out of 20000
 131 words of extra memory for PDF output out of 65536
</usr/share/texmf-tetex/fonts/type1/bluesky/cm/c
mss12.pfb></usr/share/texmf-tetex/fonts/type1/bluesky/cm/cmti12.pfb></usr/share
/texmf-tetex/fonts/type1/bluesky/cm/cmitt10.pfb> </home/edd/.texmf-var/fonts/pk
/ljfour/jknappen/tc/tctt1000.600pk></usr/share/texmf-tetex/fonts/type1/bluesky/
cm/cmsltt10.pfb></usr/share/texmf-tetex/fonts/type1/bluesky/cm/cmmi10.pfb></usr
/share/texmf-tetex/fonts/type1/bluesky/cm/cmr7.pfb></usr/share/texmf-tetex/font
s/type1/bluesky/cm/cmtt10.pfb></usr/share/texmf-tetex/fonts/type1/bluesky/cm/cm
sy8.pfb></usr/share/texmf-tetex/fonts/type1/bluesky/cm/cmr8.pfb></usr/share/tex
mf-tetex/fonts/type1/bluesky/cm/cmmi8.pfb></usr/share/texmf-tetex/fonts/type1/b
luesky/cm/cmsy10.pfb></usr/share/texmf-tetex/fonts/type1/bluesky/cm/cmex10.pfb>
</usr/share/texmf-tetex/fonts/type1/bluesky/cm/cmmi12.pfb></usr/share/texmf-tet
ex/fonts/type1/bluesky/cm/cmsl12.pfb></usr/share/texmf-tetex/fonts/type1/bluesk
y/cm/cmbx12.pfb></usr/share/texmf-tetex/fonts/type1/bluesky/cm/cmr10.pfb></usr/
share/texmf-tetex/fonts/type1/bluesky/cm/cmbx10.pfb></usr/share/texmf-tetex/fon
ts/type1/bluesky/cm/cmtt12.pfb></usr/share/texmf-tetex/fonts/type1/bluesky/cm/c
mr12.pfb></usr/share/texmf-tetex/fonts/type1/bluesky/cm/cmr17.pfb></usr/share/t
exmf-tetex/fonts/type1/bluesky/cm/cmb10.pfb>
Output written on RDieHarder.pdf (8 pages, 212874 bytes).
